<?xml version="1.0" encoding="UTF-8"?>
<testsuite xmlns:xsi="http://www.w3.org/2001/XMLSchema-instance" xsi:noNamespaceSchemaLocation="https://maven.apache.org/surefire/maven-surefire-plugin/xsd/surefire-test-report-3.0.xsd" version="3.0" name="com.automation.tests.IxigoTrainSearchTest" time="21.462" tests="1" errors="0" skipped="0" failures="0">
  <properties>
[...]
</properties>
  <testcase name="testDelhiToKanpurTrainSearch" classname="com.automation.tests.IxigoTrainSearchTest" time="6.395">
    <system-out><![CDATA[22:27:38 [INFO ] ExtentTestListener - Initializing Extent Report for suite: Surefire suite
22:27:39 [INFO ] BaseTest - === Starting Browser Setup ===
22:27:46 [INFO ] BaseTest - Navigated to: https://www.ixigo.com/trains
22:27:46 [DEBUG] BaseTest - Mock mode: false
22:27:46 [DEBUG] BaseTest - Mock API enabled: false
22:27:46 [INFO ] ExtentTestListener - Test started: testDelhiToKanpurTrainSearch
22:27:46 [INFO ] IxigoTrainSearchTest - Step 1: Verify ixigo trains page is open
22:27:46 [DEBUG] IxigoTrainSearchTest - Current URL: https://www.ixigo.com/trains
22:27:46 [DEBUG] IxigoTrainSearchTest - Page title: Train Ticket Booking Online, Use IRCTC Login | ixigo
22:27:46 [INFO ] IxigoTrainSearchTest - Step 2: Select origin — New Delhi (NDLS)
22:27:47 [INFO ] BasePage - Entered origin query: New delhi
22:27:47 [DEBUG] BasePage - Selected autocomplete option: New Delhi (NDLS)
22:27:47 [INFO ] IxigoTrainSearchTest - Step 3: Select destination — Kanpur Central (CNB)
22:27:48 [INFO ] BasePage - Entered destination query: kanpur
22:27:48 [DEBUG] BasePage - Selected autocomplete option: Kanpur Central
22:27:48 [INFO ] IxigoTrainSearchTest - Step 4: Select journey date (optional — Playwright: Fri + May 30,)
22:27:48 [INFO ] IxigoTrainSearchTest - Step 5: Click Book Train Tickets / Search
22:27:49 [INFO ] BasePage - Clicked Book Train Tickets / Search
22:27:49 [INFO ] IxigoTrainSearchTest - Step 6: Verify results heading
22:27:52 [DEBUG] IxigoTrainSearchTest - Results heading: Flights
Up to 50% Off
Hotels
Trains
Buses
More
Offers
Customer Service
Log in/Sign up
Delhi to Kanpur Trains
May
Sat, 30
Few Seats
Sun, 31
Few Seats
Mon, 01
Filling Fast
Tue, 02
Filling Fast
Wed, 03
Filling Fast
Thu, 04
Filling Fast
Fri, 05
Filling Fast
Sat, 06
Filling Fast
Sun, 07
Filling Fast
Mon, 08
Available
Tue, 09
Available
Wed, 10
Available
Thu, 11
Available
Fri, 12
Filling Fast
22:27:52 [INFO ] IxigoTrainSearchTest - === Ixigo Train Search Test PASSED ===
]]></system-out>
    <system-err><![CDATA[SLF4J(W): No SLF4J providers were found.
SLF4J(W): Defaulting to no-operation (NOP) logger implementation
SLF4J(W): See https://www.slf4j.org/codes.html#noProviders for further details.
May 30, 2026 10:27:44 PM org.openqa.selenium.devtools.CdpVersionFinder findNearestMatch
WARNING: Unable to find CDP implementation matching 148
May 30, 2026 10:27:44 PM org.openqa.selenium.chromium.ChromiumDriver lambda$new$5
WARNING: Unable to find version of CDP to use for 148.0.7778.216. You may need to include a dependency on a specific version of the CDP using something similar to `org.seleniumhq.selenium:selenium-devtools-v86:4.15.0` where the version ("v86") matches the version of the chromium-based browser you're using and the version number of the artifact is the same as Selenium's.
]]></system-err>
  </testcase>
</testsuite>