<?xml version="1.0" encoding="UTF-8"?>
<testsuite xmlns:xsi="http://www.w3.org/2001/XMLSchema-instance" xsi:noNamespaceSchemaLocation="https://maven.apache.org/surefire/maven-surefire-plugin/xsd/surefire-test-report-3.0.xsd" version="3.0" name="TestSuite" time="89.715" tests="1" errors="0" skipped="0" failures="0">
  <properties>
[...]
</properties>
  <testcase name="testIxigoFlow[{lastName=Automation, firstName=Test User One, cvv=123, ToCity=Kolkata, FromCity=New Delhi, exp=12/30, Mobile=9667525275, cardNumber=4111111111111111, DepartDate=2026-06-15}](1)" classname="com.automation.tests.IxigoFlightBookingTest" time="63.392">
    <system-out><![CDATA[21:37:10 [INFO ] ExtentTestListener - Initializing Extent Report for suite: Automation Test Suite
21:37:12 [INFO ] ExcelUtil - Read 1 rows from sheet: FlightBookingData
21:37:12 [INFO ] BaseTest - === Starting Browser Setup ===
21:37:34 [INFO ] BaseTest - Navigated to: https://www.ixigo.com/
21:37:34 [INFO ] ExtentTestListener - Test started: testIxigoFlow
21:37:34 [INFO ] BaseTest - Starting: IxigoFlightBookingTest
21:38:38 [INFO ] IxigoFlightBookingTest - === Live ixigo Flight Booking Test PASSED ===
]]></system-out>
    <system-err><![CDATA[SLF4J(W): No SLF4J providers were found.
SLF4J(W): Defaulting to no-operation (NOP) logger implementation
SLF4J(W): See https://www.slf4j.org/codes.html#noProviders for further details.
Jun 08, 2026 9:37:15 PM org.openqa.selenium.devtools.CdpVersionFinder findNearestMatch
WARNING: Unable to find CDP implementation matching 148
Jun 08, 2026 9:37:15 PM org.openqa.selenium.chromium.ChromiumDriver lambda$new$5
WARNING: Unable to find version of CDP to use for 148.0.7778.217. You may need to include a dependency on a specific version of the CDP using something similar to `org.seleniumhq.selenium:selenium-devtools-v86:4.15.0` where the version ("v86") matches the version of the chromium-based browser you're using and the version number of the artifact is the same as Selenium's.
]]></system-err>
  </testcase>
</testsuite>