<?xml version="1.0" encoding="UTF-8"?>
<testng-results ignored="0" total="1" passed="1" failed="0" skipped="0">
  <reporter-output>
  </reporter-output>
  <suite started-at="2026-05-30T22:27:39 IST" name="Surefire suite" finished-at="2026-05-30T22:27:53 IST" duration-ms="14648">
    <groups>
    </groups>
    <test started-at="2026-05-30T22:27:39 IST" name="Surefire test" finished-at="2026-05-30T22:27:53 IST" duration-ms="14648">
      <class name="com.automation.tests.IxigoTrainSearchTest">
        <test-method is-config="true" signature="setUp()[pri:0, instance:com.automation.tests.IxigoTrainSearchTest@66ac5762]" started-at="2026-05-30T22:27:39 IST" name="setUp" finished-at="2026-05-30T22:27:46 IST" duration-ms="7147" status="PASS">
          <reporter-output>
          </reporter-output>
        </test-method> <!-- setUp -->
        <test-method signature="testDelhiToKanpurTrainSearch()[pri:0, instance:com.automation.tests.IxigoTrainSearchTest@66ac5762]" started-at="2026-05-30T22:27:46 IST" name="testDelhiToKanpurTrainSearch" description="Search Delhi to Kanpur trains on ixigo (Playwright flow)" finished-at="2026-05-30T22:27:52 IST" duration-ms="6490" status="PASS">
          <reporter-output>
          </reporter-output>
        </test-method> <!-- testDelhiToKanpurTrainSearch -->
        <test-method is-config="true" signature="tearDown(org.testng.ITestResult)[pri:0, instance:com.automation.tests.IxigoTrainSearchTest@66ac5762]" started-at="2026-05-30T22:27:52 IST" name="tearDown" finished-at="2026-05-30T22:27:53 IST" duration-ms="870" status="PASS">
          <params>
            <param index="0">
              <value>
                <![CDATA[[TestResult name=testDelhiToKanpurTrainSearch status=SUCCESS method=IxigoTrainSearchTest.testDelhiToKanpurTrainSearch()[pri:0, instance:com.automation.tests.IxigoTrainSearchTest@66ac5762] output={null}]]]>
              </value>
            </param>
          </params>
          <reporter-output>
          </reporter-output>
        </test-method> <!-- tearDown -->
      </class> <!-- com.automation.tests.IxigoTrainSearchTest -->
    </test> <!-- Surefire test -->
  </suite> <!-- Surefire suite -->
</testng-results>
