<?xml version="1.0" encoding="UTF-8"?>
<testsuite xmlns:xsi="http://www.w3.org/2001/XMLSchema-instance" xsi:noNamespaceSchemaLocation="https://maven.apache.org/surefire/maven-surefire-plugin/xsd/surefire-test-report-3.0.xsd" version="3.0" name="TestSuite" time="58.058" tests="2" errors="0" skipped="0" failures="2">
  <properties>
[...]
</properties>
  <testcase name="testIxigoFlow[{lastName=Automation, firstName=Test User One, cvv=123, ToCity=Kolkata, FromCity=New Delhi, exp=12/30, Mobile=9340299487, cardNumber=4111111111111111, DepartDate=2026-06-15}](1)" classname="com.automation.tests.IxigoFlightBookingTest" time="23.749">
    <failure message="element click intercepted: Element &lt;button role=&quot;tab&quot; class=&quot;flex items-center relative transition-all min-h-40 py-5 border rounded-full px-15 text-selection-outline hover:bg-selection-over border-selection-outline hover:bg-subbrand-50&quot;&gt;...&lt;/button&gt; is not clickable at point (88, 208). Other element would receive the click: &lt;div class=&quot;fixed top-0 left-0 h-screen w-[calc(100%-440px)] flex flex-col justify-center items-center&quot;&gt;...&lt;/div&gt;&#10;  (Session info: chrome=148.0.7778.217)&#10;Build info: version: &apos;4.15.0&apos;, revision: &apos;1d14b5521b&apos;&#10;System info: os.name: &apos;Windows 11&apos;, os.arch: &apos;amd64&apos;, os.version: &apos;10.0&apos;, java.version: &apos;17.0.17&apos;&#10;Driver info: org.openqa.selenium.chrome.ChromeDriver&#10;Command: [bc459dbcae90d5759fd348892ce6ab76, clickElement {id=f.516EA47783C0979C06F0AA00FF257F71.d.3F5C5782F313520DA65F24097094F1C9.e.316}]&#10;Capabilities {acceptInsecureCerts: false, browserName: chrome, browserVersion: 148.0.7778.217, chrome: {chromedriverVersion: 148.0.7778.178 (d096af1c9e9..., userDataDir: C:\Users\shikh\AppData\Loca...}, fedcm:accounts: true, goog:chromeOptions: {debuggerAddress: localhost:59935}, goog:processID: 5340, networkConnectionEnabled: false, pageLoadStrategy: normal, platformName: windows, proxy: Proxy(), se:cdp: ws://localhost:59935/devtoo..., se:cdpVersion: 148.0.7778.217, setWindowRect: true, strictFileInteractability: false, timeouts: {implicit: 0, pageLoad: 300000, script: 30000}, unhandledPromptBehavior: dismiss and notify, webauthn:extension:credBlob: true, webauthn:extension:largeBlob: true, webauthn:extension:minPinLength: true, webauthn:extension:prf: true, webauthn:virtualAuthenticators: true}&#10;Element: [[ChromeDriver: chrome on windows (bc459dbcae90d5759fd348892ce6ab76)] -&gt; xpath: //*[@role=&apos;tab&apos; and normalize-space()=&apos;One Way&apos;]]&#10;Session ID: bc459dbcae90d5759fd348892ce6ab76" type="org.openqa.selenium.ElementClickInterceptedException"><![CDATA[org.openqa.selenium.ElementClickInterceptedException: 
element click intercepted: Element <button role="tab" class="flex items-center relative transition-all min-h-40 py-5 border rounded-full px-15 text-selection-outline hover:bg-selection-over border-selection-outline hover:bg-subbrand-50">...</button> is not clickable at point (88, 208). Other element would receive the click: <div class="fixed top-0 left-0 h-screen w-[calc(100%-440px)] flex flex-col justify-center items-center">...</div>
  (Session info: chrome=148.0.7778.217)
Build info: version: '4.15.0', revision: '1d14b5521b'
System info: os.name: 'Windows 11', os.arch: 'amd64', os.version: '10.0', java.version: '17.0.17'
Driver info: org.openqa.selenium.chrome.ChromeDriver
Command: [bc459dbcae90d5759fd348892ce6ab76, clickElement {id=f.516EA47783C0979C06F0AA00FF257F71.d.3F5C5782F313520DA65F24097094F1C9.e.316}]
Capabilities {acceptInsecureCerts: false, browserName: chrome, browserVersion: 148.0.7778.217, chrome: {chromedriverVersion: 148.0.7778.178 (d096af1c9e9..., userDataDir: C:\Users\shikh\AppData\Loca...}, fedcm:accounts: true, goog:chromeOptions: {debuggerAddress: localhost:59935}, goog:processID: 5340, networkConnectionEnabled: false, pageLoadStrategy: normal, platformName: windows, proxy: Proxy(), se:cdp: ws://localhost:59935/devtoo..., se:cdpVersion: 148.0.7778.217, setWindowRect: true, strictFileInteractability: false, timeouts: {implicit: 0, pageLoad: 300000, script: 30000}, unhandledPromptBehavior: dismiss and notify, webauthn:extension:credBlob: true, webauthn:extension:largeBlob: true, webauthn:extension:minPinLength: true, webauthn:extension:prf: true, webauthn:virtualAuthenticators: true}
Element: [[ChromeDriver: chrome on windows (bc459dbcae90d5759fd348892ce6ab76)] -> xpath: //*[@role='tab' and normalize-space()='One Way']]
Session ID: bc459dbcae90d5759fd348892ce6ab76
	at java.base/jdk.internal.reflect.NativeConstructorAccessorImpl.newInstance0(Native Method)
	at java.base/jdk.internal.reflect.NativeConstructorAccessorImpl.newInstance(NativeConstructorAccessorImpl.java:77)
	at java.base/jdk.internal.reflect.DelegatingConstructorAccessorImpl.newInstance(DelegatingConstructorAccessorImpl.java:45)
	at java.base/java.lang.reflect.Constructor.newInstanceWithCaller(Constructor.java:499)
	at java.base/java.lang.reflect.Constructor.newInstance(Constructor.java:480)
	at org.openqa.selenium.remote.codec.w3c.W3CHttpResponseCodec.createException(W3CHttpResponseCodec.java:200)
	at org.openqa.selenium.remote.codec.w3c.W3CHttpResponseCodec.decode(W3CHttpResponseCodec.java:133)
	at org.openqa.selenium.remote.codec.w3c.W3CHttpResponseCodec.decode(W3CHttpResponseCodec.java:52)
	at org.openqa.selenium.remote.HttpCommandExecutor.execute(HttpCommandExecutor.java:191)
	at org.openqa.selenium.remote.service.DriverCommandExecutor.invokeExecute(DriverCommandExecutor.java:200)
	at org.openqa.selenium.remote.service.DriverCommandExecutor.execute(DriverCommandExecutor.java:175)
	at org.openqa.selenium.remote.RemoteWebDriver.execute(RemoteWebDriver.java:607)
	at org.openqa.selenium.remote.RemoteWebElement.execute(RemoteWebElement.java:224)
	at org.openqa.selenium.remote.RemoteWebElement.click(RemoteWebElement.java:77)
	at com.automation.pages.IxigoFlightBookingPage.click(IxigoFlightBookingPage.java:136)
	at com.automation.pages.IxigoFlightBookingPage.searchOneWayFlight(IxigoFlightBookingPage.java:67)
	at com.automation.tests.IxigoFlightBookingTest.testIxigoFlow(IxigoFlightBookingTest.java:43)
	at java.base/jdk.internal.reflect.NativeMethodAccessorImpl.invoke0(Native Method)
	at java.base/jdk.internal.reflect.NativeMethodAccessorImpl.invoke(NativeMethodAccessorImpl.java:77)
	at java.base/jdk.internal.reflect.DelegatingMethodAccessorImpl.invoke(DelegatingMethodAccessorImpl.java:43)
	at java.base/java.lang.reflect.Method.invoke(Method.java:568)
	at org.testng.internal.invokers.MethodInvocationHelper.invokeMethod(MethodInvocationHelper.java:139)
	at org.testng.internal.invokers.TestInvoker.invokeMethod(TestInvoker.java:664)
	at org.testng.internal.invokers.TestInvoker.invokeTestMethod(TestInvoker.java:227)
	at org.testng.internal.invokers.MethodRunner.runInSequence(MethodRunner.java:50)
	at org.testng.internal.invokers.TestInvoker$MethodInvocationAgent.invoke(TestInvoker.java:957)
	at org.testng.internal.invokers.TestInvoker.invokeTestMethods(TestInvoker.java:200)
	at org.testng.internal.invokers.TestMethodWorker.invokeTestMethods(TestMethodWorker.java:148)
	at org.testng.internal.invokers.TestMethodWorker.run(TestMethodWorker.java:128)
	at java.base/java.util.ArrayList.forEach(ArrayList.java:1511)
	at org.testng.TestRunner.privateRun(TestRunner.java:848)
	at org.testng.TestRunner.run(TestRunner.java:621)
	at org.testng.SuiteRunner.runTest(SuiteRunner.java:443)
	at org.testng.SuiteRunner.runSequentially(SuiteRunner.java:437)
	at org.testng.SuiteRunner.privateRun(SuiteRunner.java:397)
	at org.testng.SuiteRunner.run(SuiteRunner.java:336)
	at org.testng.SuiteRunnerWorker.runSuite(SuiteRunnerWorker.java:52)
	at org.testng.SuiteRunnerWorker.run(SuiteRunnerWorker.java:95)
	at org.testng.TestNG.runSuitesSequentially(TestNG.java:1280)
	at org.testng.TestNG.runSuitesLocally(TestNG.java:1200)
	at org.testng.TestNG.runSuites(TestNG.java:1114)
	at org.testng.TestNG.run(TestNG.java:1082)
	at org.apache.maven.surefire.testng.TestNGExecutor.run(TestNGExecutor.java:308)
	at org.apache.maven.surefire.testng.TestNGXmlTestSuite.execute(TestNGXmlTestSuite.java:71)
	at org.apache.maven.surefire.testng.TestNGProvider.invoke(TestNGProvider.java:113)
	at org.apache.maven.surefire.booter.ForkedBooter.runSuitesInProcess(ForkedBooter.java:385)
	at org.apache.maven.surefire.booter.ForkedBooter.execute(ForkedBooter.java:162)
	at org.apache.maven.surefire.booter.ForkedBooter.run(ForkedBooter.java:507)
	at org.apache.maven.surefire.booter.ForkedBooter.main(ForkedBooter.java:495)
]]></failure>
    <system-out><![CDATA[21:50:07 [INFO ] ExtentTestListener - Initializing Extent Report for suite: Automation Test Suite
21:50:08 [INFO ] ExcelUtil - Read 2 rows from sheet: FlightBookingData
21:50:08 [INFO ] BaseTest - === Starting Browser Setup ===
21:50:19 [INFO ] BaseTest - Navigated to: https://www.ixigo.com/
21:50:19 [INFO ] ExtentTestListener - Test started: testIxigoFlow
21:50:19 [INFO ] BaseTest - Starting: IxigoFlightBookingTest
21:50:19 [INFO ] BaseTest - === Entering Mobioe number ====
21:50:40 [INFO ] BaseTest - === Enter Details ===
]]></system-out>
    <system-err><![CDATA[SLF4J(W): No SLF4J providers were found.
SLF4J(W): Defaulting to no-operation (NOP) logger implementation
SLF4J(W): See https://www.slf4j.org/codes.html#noProviders for further details.
Jun 08, 2026 9:50:11 PM org.openqa.selenium.devtools.CdpVersionFinder findNearestMatch
WARNING: Unable to find CDP implementation matching 148
Jun 08, 2026 9:50:11 PM org.openqa.selenium.chromium.ChromiumDriver lambda$new$5
WARNING: Unable to find version of CDP to use for 148.0.7778.217. You may need to include a dependency on a specific version of the CDP using something similar to `org.seleniumhq.selenium:selenium-devtools-v86:4.15.0` where the version ("v86") matches the version of the chromium-based browser you're using and the version number of the artifact is the same as Selenium's.
]]></system-err>
  </testcase>
  <testcase name="testIxigoFlow[{lastName=Automation, firstName=Test User One, cvv=123, ToCity=Kolkata, FromCity=New Delhi, exp=12/30, Mobile=9340299487, cardNumber=4111111111111111, DepartDate=2026-06-15}](2)" classname="com.automation.tests.IxigoFlightBookingTest" time="1.232">
    <failure message="element click intercepted: Element &lt;button class=&quot;inline-flex justify-center items-center text-brand hover:bg-brand-over gap-5px rounded-10 min-h-40 button-md icon-md px-15px  hover:bg-primary text-primary&quot;&gt;...&lt;/button&gt; is not clickable at point (1177, 35). Other element would receive the click: &lt;iframe scrolling=&quot;no&quot; id=&quot;wiz-iframe-intent&quot; role=&quot;dialog&quot; aria-modal=&quot;true&quot; style=&quot;color-scheme: none; z-index: 2147483647; display:block; height: 100% !important; width: 100% !important;min-height:80px !important;border:0px !important; border-color:none !important;&quot; srcdoc=&quot;&amp;lt;html&amp;gt;&#10; &amp;lt;head&amp;gt;&#10;  &amp;lt;style type=&amp;quot;text/css&amp;quot;&amp;gt;body{font-family: -apple-system,BlinkMacSystemFont,&amp;quot;Segoe UI&amp;quot;,Roboto,Oxygen,Ubuntu,Cantarell,&amp;quot;Open Sans&amp;quot;,&amp;quot;Helvetica Neue&amp;quot;,sans-serif;}.CT_InterstitialOuter{display: table;position: fixed;top: 0;left: 0;height: 100%;width: 100%;transform: translateZ(0);}.CT_InterstitialWrapper{display:table-cell;vertical-align:middle}.CT_Interstitial{display:-webkit-box;display:-ms-flexbox;display:flex;-webkit-box-align:center;-ms-flex-align:center;align-items:center;-webkit-box-pack:center;ms-flex-pack:center;justify-content:center;-webkit-box-orient:vertical;-webkit-box-direction:normal;-ms-flex-direction:column;flex-direction:column;width:100%;max-width:600px;margin-left:auto;margin-right:auto;padding:20px;background-color:undefined;color:undefined;text-align:center;box-sizing:border-box;position:relative;border-radius:8px}.CT_InterstitialClose{cursor:pointer;position:absolute;top:-10px;right:-10px;z-index:2147483647;font-size:18px;font-weight:700;text-decoration:none;width:25px;height:25px;text-align:center;-webkit-appearance:none;line-height:22px;background:#353535;border:2px solid #fff;border-radius:100%;color:#fff}@media only screen and (max-width:768px){.CT_Interstitial{width:85%}}@media only screen and (max-width:480px){.CT_Interstitial{width:80%}}&amp;lt;/style&amp;gt;&#10; &amp;lt;/head&amp;gt;&#10; &amp;lt;body&amp;gt;&#10;  &amp;lt;div id=&amp;quot;contentDiv&amp;quot; class=&amp;quot;CT_InterstitialOuter&amp;quot;&amp;gt;&#10;   &amp;lt;div class=&amp;quot;CT_InterstitialWrapper&amp;quot;&amp;gt;&#10;    &amp;lt;div class=&amp;quot;CT_Interstitial&amp;quot;&amp;gt;&#10;     &amp;lt;style type=&amp;quot;text/css&amp;quot;&amp;gt;&#10;.CT_Interstitial {&#10;background-color: #fffeeb;&#10;padding: 0px !important;&#10;max-width: 50%;&#10;border-radius: 25px;&#10;}&#10;.popupImg {&#10;border-radius: 20px;&#10;}&#10;&amp;lt;/style&amp;gt; &amp;lt;button id=&amp;quot;closeButton&amp;quot; class=&amp;quot;btn&amp;quot; style=&amp;quot;position: absolute; top: 10px; right: 10px; width: 30px; height: 30px; border: none; border-radius: 50%; background-color: black; display: flex; justify-content: center; align-items: center; cursor: pointer; box-shadow: 0 0 5px rgba(0, 0, 0, 0.2);&amp;quot; wzrk_c2a=&amp;quot;&amp;quot;&amp;gt; &amp;lt;span style=&amp;quot;font-size: 26px; line-height: 16px; color: white; font-weight: bold;&amp;quot;&amp;gt;×&amp;lt;/span&amp;gt; &amp;lt;/button&amp;gt; &#10;     &amp;lt;img id=&amp;quot;popupImage&amp;quot; class=&amp;quot;popupImg&amp;quot; src=&amp;quot;https://images.ixigo.com/image/upload/mailer/flat80/f5c96a48928b43747e3ae72b00b0ce76-bmjqs.webp&amp;quot; style=&amp;quot;max-width: 100%;&amp;quot;&amp;gt; &#10;     &amp;lt;script&amp;gt;&#10;var btn = document.getElementById(&apos;closeButton&apos;);&#10;var popupImage = document.getElementById(&apos;popupImage&apos;);&#10;var contentDiv = document.getElementById(&apos;contentDiv&apos;);&#10;var overlay = window.parent.document.getElementById(&apos;intentOpacityDiv&apos;);&#10;var wrapper = window.parent.document.getElementById(&apos;intentPreview&apos;);&#10;&#10;btn.addEventListener(&apos;click&apos;, closePopUp);&#10;contentDiv.addEventListener(&apos;click&apos;, handleOutsideClick);&#10;popupImage.addEventListener(&apos;click&apos;, navigateToHotels);&#10;&#10;function closePopUp() { &#10;setTimeout(() =&amp;gt; {&#10;overlay.remove(); &#10;wrapper.remove();&#10;}, 0); &#10;}&#10;&#10;function handleOutsideClick(event) {&#10;closePopUp();&#10;}&#10;&#10;function navigateToHotels(event) {&#10;event.stopPropagation();&#10;window.parent.location.href = &apos;https://www.ixigo.com/hotels?source=Growth&amp;amp;subsource=WEB_POPUP_STAY55&apos;;&#10;}&#10;&amp;lt;/script&amp;gt;&#10;    &amp;lt;/div&amp;gt;&#10;   &amp;lt;/div&amp;gt;&#10;  &amp;lt;/div&amp;gt;&#10; &amp;lt;script&amp;gt;&#10;      const ct__camapignId = &apos;1780926698_20260608&apos;;&#10;      const ct__formatVal = (v) =&amp;gt; {&#10;          return v &amp;amp;&amp;amp; v.trim().substring(0, 20);&#10;      }&#10;      const ct__parentOrigin =  window.parent.origin;&#10;      document.body.addEventListener(&apos;click&apos;, (event) =&amp;gt; {&#10;        const elem = event.target.closest?.(&apos;a[wzrk_c2a], button[wzrk_c2a]&apos;);&#10;        if (elem) {&#10;            const {innerText, id, name, value, href} = elem;&#10;            const clickAttr = elem.getAttribute(&apos;onclick&apos;) || elem.getAttribute(&apos;click&apos;);&#10;            const onclickURL = clickAttr?.match(/(window.open)[(](&amp;quot;|&apos;)(.*)(&amp;quot;|&apos;,)/)?.[3] || clickAttr?.match(/(location.href *= *)(&amp;quot;|&apos;)(.*)(&amp;quot;|&apos;)/)?.[3];&#10;            const props = {innerText, id, name, value};&#10;            let msgCTkv = Object.keys(props).reduce((acc, c) =&amp;gt; {&#10;                const formattedVal = ct__formatVal(props[c]);&#10;                formattedVal &amp;amp;&amp;amp; (acc[&apos;wzrk_click_&apos; + c] = formattedVal);&#10;                return acc;&#10;            }, {});&#10;            if(onclickURL) { msgCTkv[&apos;wzrk_click_&apos; + &apos;url&apos;] = onclickURL; }&#10;            if(href) { msgCTkv[&apos;wzrk_click_&apos; + &apos;c2a&apos;] = href; }&#10;            const notifData = { msgId: ct__camapignId, msgCTkv, pivotId: &apos;wzrk_default&apos; };&#10;            window.parent.clevertap.renderNotificationClicked(notifData);&#10;        }&#10;      });&#10;      &amp;lt;/script&amp;gt;&#10;    &#10;&amp;lt;/body&amp;gt;&#10;&amp;lt;/html&amp;gt;&quot;&gt;&lt;/iframe&gt;&#10;  (Session info: chrome=148.0.7778.217)&#10;Build info: version: &apos;4.15.0&apos;, revision: &apos;1d14b5521b&apos;&#10;System info: os.name: &apos;Windows 11&apos;, os.arch: &apos;amd64&apos;, os.version: &apos;10.0&apos;, java.version: &apos;17.0.17&apos;&#10;Driver info: org.openqa.selenium.chrome.ChromeDriver&#10;Command: [75feb5303b81b7557bf49143468d886b, clickElement {id=f.E38BE277AA0EBEA220B76F9538D7D3E9.d.688CC5AACA3D7FB67DD738FD2BC850F2.e.204}]&#10;Capabilities {acceptInsecureCerts: false, browserName: chrome, browserVersion: 148.0.7778.217, chrome: {chromedriverVersion: 148.0.7778.178 (d096af1c9e9..., userDataDir: C:\Users\shikh\AppData\Loca...}, fedcm:accounts: true, goog:chromeOptions: {debuggerAddress: localhost:61440}, goog:processID: 616, networkConnectionEnabled: false, pageLoadStrategy: normal, platformName: windows, proxy: Proxy(), se:cdp: ws://localhost:61440/devtoo..., se:cdpVersion: 148.0.7778.217, setWindowRect: true, strictFileInteractability: false, timeouts: {implicit: 0, pageLoad: 300000, script: 30000}, unhandledPromptBehavior: dismiss and notify, webauthn:extension:credBlob: true, webauthn:extension:largeBlob: true, webauthn:extension:minPinLength: true, webauthn:extension:prf: true, webauthn:virtualAuthenticators: true}&#10;Element: [[ChromeDriver: chrome on windows (75feb5303b81b7557bf49143468d886b)] -&gt; xpath: (//button[text()=&apos;Log in/Sign up&apos;])[1]]&#10;Session ID: 75feb5303b81b7557bf49143468d886b" type="org.openqa.selenium.ElementClickInterceptedException"><![CDATA[org.openqa.selenium.ElementClickInterceptedException: 
element click intercepted: Element <button class="inline-flex justify-center items-center text-brand hover:bg-brand-over gap-5px rounded-10 min-h-40 button-md icon-md px-15px  hover:bg-primary text-primary">...</button> is not clickable at point (1177, 35). Other element would receive the click: <iframe scrolling="no" id="wiz-iframe-intent" role="dialog" aria-modal="true" style="color-scheme: none; z-index: 2147483647; display:block; height: 100% !important; width: 100% !important;min-height:80px !important;border:0px !important; border-color:none !important;" srcdoc="&lt;html&gt;
 &lt;head&gt;
  &lt;style type=&quot;text/css&quot;&gt;body{font-family: -apple-system,BlinkMacSystemFont,&quot;Segoe UI&quot;,Roboto,Oxygen,Ubuntu,Cantarell,&quot;Open Sans&quot;,&quot;Helvetica Neue&quot;,sans-serif;}.CT_InterstitialOuter{display: table;position: fixed;top: 0;left: 0;height: 100%;width: 100%;transform: translateZ(0);}.CT_InterstitialWrapper{display:table-cell;vertical-align:middle}.CT_Interstitial{display:-webkit-box;display:-ms-flexbox;display:flex;-webkit-box-align:center;-ms-flex-align:center;align-items:center;-webkit-box-pack:center;ms-flex-pack:center;justify-content:center;-webkit-box-orient:vertical;-webkit-box-direction:normal;-ms-flex-direction:column;flex-direction:column;width:100%;max-width:600px;margin-left:auto;margin-right:auto;padding:20px;background-color:undefined;color:undefined;text-align:center;box-sizing:border-box;position:relative;border-radius:8px}.CT_InterstitialClose{cursor:pointer;position:absolute;top:-10px;right:-10px;z-index:2147483647;font-size:18px;font-weight:700;text-decoration:none;width:25px;height:25px;text-align:center;-webkit-appearance:none;line-height:22px;background:#353535;border:2px solid #fff;border-radius:100%;color:#fff}@media only screen and (max-width:768px){.CT_Interstitial{width:85%}}@media only screen and (max-width:480px){.CT_Interstitial{width:80%}}&lt;/style&gt;
 &lt;/head&gt;
 &lt;body&gt;
  &lt;div id=&quot;contentDiv&quot; class=&quot;CT_InterstitialOuter&quot;&gt;
   &lt;div class=&quot;CT_InterstitialWrapper&quot;&gt;
    &lt;div class=&quot;CT_Interstitial&quot;&gt;
     &lt;style type=&quot;text/css&quot;&gt;
.CT_Interstitial {
background-color: #fffeeb;
padding: 0px !important;
max-width: 50%;
border-radius: 25px;
}
.popupImg {
border-radius: 20px;
}
&lt;/style&gt; &lt;button id=&quot;closeButton&quot; class=&quot;btn&quot; style=&quot;position: absolute; top: 10px; right: 10px; width: 30px; height: 30px; border: none; border-radius: 50%; background-color: black; display: flex; justify-content: center; align-items: center; cursor: pointer; box-shadow: 0 0 5px rgba(0, 0, 0, 0.2);&quot; wzrk_c2a=&quot;&quot;&gt; &lt;span style=&quot;font-size: 26px; line-height: 16px; color: white; font-weight: bold;&quot;&gt;×&lt;/span&gt; &lt;/button&gt; 
     &lt;img id=&quot;popupImage&quot; class=&quot;popupImg&quot; src=&quot;https://images.ixigo.com/image/upload/mailer/flat80/f5c96a48928b43747e3ae72b00b0ce76-bmjqs.webp&quot; style=&quot;max-width: 100%;&quot;&gt; 
     &lt;script&gt;
var btn = document.getElementById('closeButton');
var popupImage = document.getElementById('popupImage');
var contentDiv = document.getElementById('contentDiv');
var overlay = window.parent.document.getElementById('intentOpacityDiv');
var wrapper = window.parent.document.getElementById('intentPreview');

btn.addEventListener('click', closePopUp);
contentDiv.addEventListener('click', handleOutsideClick);
popupImage.addEventListener('click', navigateToHotels);

function closePopUp() { 
setTimeout(() =&gt; {
overlay.remove(); 
wrapper.remove();
}, 0); 
}

function handleOutsideClick(event) {
closePopUp();
}

function navigateToHotels(event) {
event.stopPropagation();
window.parent.location.href = 'https://www.ixigo.com/hotels?source=Growth&amp;subsource=WEB_POPUP_STAY55';
}
&lt;/script&gt;
    &lt;/div&gt;
   &lt;/div&gt;
  &lt;/div&gt;
 &lt;script&gt;
      const ct__camapignId = '1780926698_20260608';
      const ct__formatVal = (v) =&gt; {
          return v &amp;&amp; v.trim().substring(0, 20);
      }
      const ct__parentOrigin =  window.parent.origin;
      document.body.addEventListener('click', (event) =&gt; {
        const elem = event.target.closest?.('a[wzrk_c2a], button[wzrk_c2a]');
        if (elem) {
            const {innerText, id, name, value, href} = elem;
            const clickAttr = elem.getAttribute('onclick') || elem.getAttribute('click');
            const onclickURL = clickAttr?.match(/(window.open)[(](&quot;|')(.*)(&quot;|',)/)?.[3] || clickAttr?.match(/(location.href *= *)(&quot;|')(.*)(&quot;|')/)?.[3];
            const props = {innerText, id, name, value};
            let msgCTkv = Object.keys(props).reduce((acc, c) =&gt; {
                const formattedVal = ct__formatVal(props[c]);
                formattedVal &amp;&amp; (acc['wzrk_click_' + c] = formattedVal);
                return acc;
            }, {});
            if(onclickURL) { msgCTkv['wzrk_click_' + 'url'] = onclickURL; }
            if(href) { msgCTkv['wzrk_click_' + 'c2a'] = href; }
            const notifData = { msgId: ct__camapignId, msgCTkv, pivotId: 'wzrk_default' };
            window.parent.clevertap.renderNotificationClicked(notifData);
        }
      });
      &lt;/script&gt;
    
&lt;/body&gt;
&lt;/html&gt;"></iframe>
  (Session info: chrome=148.0.7778.217)
Build info: version: '4.15.0', revision: '1d14b5521b'
System info: os.name: 'Windows 11', os.arch: 'amd64', os.version: '10.0', java.version: '17.0.17'
Driver info: org.openqa.selenium.chrome.ChromeDriver
Command: [75feb5303b81b7557bf49143468d886b, clickElement {id=f.E38BE277AA0EBEA220B76F9538D7D3E9.d.688CC5AACA3D7FB67DD738FD2BC850F2.e.204}]
Capabilities {acceptInsecureCerts: false, browserName: chrome, browserVersion: 148.0.7778.217, chrome: {chromedriverVersion: 148.0.7778.178 (d096af1c9e9..., userDataDir: C:\Users\shikh\AppData\Loca...}, fedcm:accounts: true, goog:chromeOptions: {debuggerAddress: localhost:61440}, goog:processID: 616, networkConnectionEnabled: false, pageLoadStrategy: normal, platformName: windows, proxy: Proxy(), se:cdp: ws://localhost:61440/devtoo..., se:cdpVersion: 148.0.7778.217, setWindowRect: true, strictFileInteractability: false, timeouts: {implicit: 0, pageLoad: 300000, script: 30000}, unhandledPromptBehavior: dismiss and notify, webauthn:extension:credBlob: true, webauthn:extension:largeBlob: true, webauthn:extension:minPinLength: true, webauthn:extension:prf: true, webauthn:virtualAuthenticators: true}
Element: [[ChromeDriver: chrome on windows (75feb5303b81b7557bf49143468d886b)] -> xpath: (//button[text()='Log in/Sign up'])[1]]
Session ID: 75feb5303b81b7557bf49143468d886b
	at java.base/jdk.internal.reflect.NativeConstructorAccessorImpl.newInstance0(Native Method)
	at java.base/jdk.internal.reflect.NativeConstructorAccessorImpl.newInstance(NativeConstructorAccessorImpl.java:77)
	at java.base/jdk.internal.reflect.DelegatingConstructorAccessorImpl.newInstance(DelegatingConstructorAccessorImpl.java:45)
	at java.base/java.lang.reflect.Constructor.newInstanceWithCaller(Constructor.java:499)
	at java.base/java.lang.reflect.Constructor.newInstance(Constructor.java:480)
	at org.openqa.selenium.remote.codec.w3c.W3CHttpResponseCodec.createException(W3CHttpResponseCodec.java:200)
	at org.openqa.selenium.remote.codec.w3c.W3CHttpResponseCodec.decode(W3CHttpResponseCodec.java:133)
	at org.openqa.selenium.remote.codec.w3c.W3CHttpResponseCodec.decode(W3CHttpResponseCodec.java:52)
	at org.openqa.selenium.remote.HttpCommandExecutor.execute(HttpCommandExecutor.java:191)
	at org.openqa.selenium.remote.service.DriverCommandExecutor.invokeExecute(DriverCommandExecutor.java:200)
	at org.openqa.selenium.remote.service.DriverCommandExecutor.execute(DriverCommandExecutor.java:175)
	at org.openqa.selenium.remote.RemoteWebDriver.execute(RemoteWebDriver.java:607)
	at org.openqa.selenium.remote.RemoteWebElement.execute(RemoteWebElement.java:224)
	at org.openqa.selenium.remote.RemoteWebElement.click(RemoteWebElement.java:77)
	at com.automation.pages.IxigoFlightBookingPage.click(IxigoFlightBookingPage.java:136)
	at com.automation.pages.IxigoFlightBookingPage.loginWithMobile(IxigoFlightBookingPage.java:58)
	at com.automation.tests.IxigoFlightBookingTest.testIxigoFlow(IxigoFlightBookingTest.java:41)
	at java.base/jdk.internal.reflect.NativeMethodAccessorImpl.invoke0(Native Method)
	at java.base/jdk.internal.reflect.NativeMethodAccessorImpl.invoke(NativeMethodAccessorImpl.java:77)
	at java.base/jdk.internal.reflect.DelegatingMethodAccessorImpl.invoke(DelegatingMethodAccessorImpl.java:43)
	at java.base/java.lang.reflect.Method.invoke(Method.java:568)
	at org.testng.internal.invokers.MethodInvocationHelper.invokeMethod(MethodInvocationHelper.java:139)
	at org.testng.internal.invokers.TestInvoker.invokeMethod(TestInvoker.java:664)
	at org.testng.internal.invokers.TestInvoker.invokeTestMethod(TestInvoker.java:227)
	at org.testng.internal.invokers.MethodRunner.runInSequence(MethodRunner.java:50)
	at org.testng.internal.invokers.TestInvoker$MethodInvocationAgent.invoke(TestInvoker.java:957)
	at org.testng.internal.invokers.TestInvoker.invokeTestMethods(TestInvoker.java:200)
	at org.testng.internal.invokers.TestMethodWorker.invokeTestMethods(TestMethodWorker.java:148)
	at org.testng.internal.invokers.TestMethodWorker.run(TestMethodWorker.java:128)
	at java.base/java.util.ArrayList.forEach(ArrayList.java:1511)
	at org.testng.TestRunner.privateRun(TestRunner.java:848)
	at org.testng.TestRunner.run(TestRunner.java:621)
	at org.testng.SuiteRunner.runTest(SuiteRunner.java:443)
	at org.testng.SuiteRunner.runSequentially(SuiteRunner.java:437)
	at org.testng.SuiteRunner.privateRun(SuiteRunner.java:397)
	at org.testng.SuiteRunner.run(SuiteRunner.java:336)
	at org.testng.SuiteRunnerWorker.runSuite(SuiteRunnerWorker.java:52)
	at org.testng.SuiteRunnerWorker.run(SuiteRunnerWorker.java:95)
	at org.testng.TestNG.runSuitesSequentially(TestNG.java:1280)
	at org.testng.TestNG.runSuitesLocally(TestNG.java:1200)
	at org.testng.TestNG.runSuites(TestNG.java:1114)
	at org.testng.TestNG.run(TestNG.java:1082)
	at org.apache.maven.surefire.testng.TestNGExecutor.run(TestNGExecutor.java:308)
	at org.apache.maven.surefire.testng.TestNGXmlTestSuite.execute(TestNGXmlTestSuite.java:71)
	at org.apache.maven.surefire.testng.TestNGProvider.invoke(TestNGProvider.java:113)
	at org.apache.maven.surefire.booter.ForkedBooter.runSuitesInProcess(ForkedBooter.java:385)
	at org.apache.maven.surefire.booter.ForkedBooter.execute(ForkedBooter.java:162)
	at org.apache.maven.surefire.booter.ForkedBooter.run(ForkedBooter.java:507)
	at org.apache.maven.surefire.booter.ForkedBooter.main(ForkedBooter.java:495)
]]></failure>
    <system-out><![CDATA[21:50:43 [INFO ] ScreenshotUtil - Screenshot embedded in Extent report (Base64)
21:50:43 [ERROR] BaseTest - [FAIL] Test FAILED: testIxigoFlow
org.openqa.selenium.ElementClickInterceptedException: element click intercepted: Element <button role="tab" class="flex items-center relative transition-all min-h-40 py-5 border rounded-full px-15 text-selection-outline hover:bg-selection-over border-selection-outline hover:bg-subbrand-50">...</button> is not clickable at point (88, 208). Other element would receive the click: <div class="fixed top-0 left-0 h-screen w-[calc(100%-440px)] flex flex-col justify-center items-center">...</div>
  (Session info: chrome=148.0.7778.217)
Build info: version: '4.15.0', revision: '1d14b5521b'
System info: os.name: 'Windows 11', os.arch: 'amd64', os.version: '10.0', java.version: '17.0.17'
Driver info: org.openqa.selenium.chrome.ChromeDriver
Command: [bc459dbcae90d5759fd348892ce6ab76, clickElement {id=f.516EA47783C0979C06F0AA00FF257F71.d.3F5C5782F313520DA65F24097094F1C9.e.316}]
Capabilities {acceptInsecureCerts: false, browserName: chrome, browserVersion: 148.0.7778.217, chrome: {chromedriverVersion: 148.0.7778.178 (d096af1c9e9..., userDataDir: C:\Users\shikh\AppData\Loca...}, fedcm:accounts: true, goog:chromeOptions: {debuggerAddress: localhost:59935}, goog:processID: 5340, networkConnectionEnabled: false, pageLoadStrategy: normal, platformName: windows, proxy: Proxy(), se:cdp: ws://localhost:59935/devtoo..., se:cdpVersion: 148.0.7778.217, setWindowRect: true, strictFileInteractability: false, timeouts: {implicit: 0, pageLoad: 300000, script: 30000}, unhandledPromptBehavior: dismiss and notify, webauthn:extension:credBlob: true, webauthn:extension:largeBlob: true, webauthn:extension:minPinLength: true, webauthn:extension:prf: true, webauthn:virtualAuthenticators: true}
Element: [[ChromeDriver: chrome on windows (bc459dbcae90d5759fd348892ce6ab76)] -> xpath: //*[@role='tab' and normalize-space()='One Way']]
Session ID: bc459dbcae90d5759fd348892ce6ab76
	at java.base/jdk.internal.reflect.NativeConstructorAccessorImpl.newInstance0(Native Method) ~[?:?]
	at java.base/jdk.internal.reflect.NativeConstructorAccessorImpl.newInstance(NativeConstructorAccessorImpl.java:77) ~[?:?]
	at java.base/jdk.internal.reflect.DelegatingConstructorAccessorImpl.newInstance(DelegatingConstructorAccessorImpl.java:45) ~[?:?]
	at java.base/java.lang.reflect.Constructor.newInstanceWithCaller(Constructor.java:499) ~[?:?]
	at java.base/java.lang.reflect.Constructor.newInstance(Constructor.java:480) ~[?:?]
	at org.openqa.selenium.remote.codec.w3c.W3CHttpResponseCodec.createException(W3CHttpResponseCodec.java:200) ~[selenium-remote-driver-4.15.0.jar:?]
	at org.openqa.selenium.remote.codec.w3c.W3CHttpResponseCodec.decode(W3CHttpResponseCodec.java:133) ~[selenium-remote-driver-4.15.0.jar:?]
	at org.openqa.selenium.remote.codec.w3c.W3CHttpResponseCodec.decode(W3CHttpResponseCodec.java:52) ~[selenium-remote-driver-4.15.0.jar:?]
	at org.openqa.selenium.remote.HttpCommandExecutor.execute(HttpCommandExecutor.java:191) ~[selenium-remote-driver-4.15.0.jar:?]
	at org.openqa.selenium.remote.service.DriverCommandExecutor.invokeExecute(DriverCommandExecutor.java:200) ~[selenium-remote-driver-4.15.0.jar:?]
	at org.openqa.selenium.remote.service.DriverCommandExecutor.execute(DriverCommandExecutor.java:175) ~[selenium-remote-driver-4.15.0.jar:?]
	at org.openqa.selenium.remote.RemoteWebDriver.execute(RemoteWebDriver.java:607) ~[selenium-remote-driver-4.15.0.jar:?]
	at org.openqa.selenium.remote.RemoteWebElement.execute(RemoteWebElement.java:224) ~[selenium-remote-driver-4.15.0.jar:?]
	at org.openqa.selenium.remote.RemoteWebElement.click(RemoteWebElement.java:77) ~[selenium-remote-driver-4.15.0.jar:?]
	at com.automation.pages.IxigoFlightBookingPage.click(IxigoFlightBookingPage.java:136) ~[classes/:?]
	at com.automation.pages.IxigoFlightBookingPage.searchOneWayFlight(IxigoFlightBookingPage.java:67) ~[classes/:?]
	at com.automation.tests.IxigoFlightBookingTest.testIxigoFlow(IxigoFlightBookingTest.java:43) ~[test-classes/:?]
	at java.base/jdk.internal.reflect.NativeMethodAccessorImpl.invoke0(Native Method) ~[?:?]
	at java.base/jdk.internal.reflect.NativeMethodAccessorImpl.invoke(NativeMethodAccessorImpl.java:77) ~[?:?]
	at java.base/jdk.internal.reflect.DelegatingMethodAccessorImpl.invoke(DelegatingMethodAccessorImpl.java:43) ~[?:?]
	at java.base/java.lang.reflect.Method.invoke(Method.java:568) ~[?:?]
	at org.testng.internal.invokers.MethodInvocationHelper.invokeMethod(MethodInvocationHelper.java:139) ~[testng-7.8.0.jar:7.8.0]
	at org.testng.internal.invokers.TestInvoker.invokeMethod(TestInvoker.java:664) ~[testng-7.8.0.jar:7.8.0]
	at org.testng.internal.invokers.TestInvoker.invokeTestMethod(TestInvoker.java:227) ~[testng-7.8.0.jar:7.8.0]
	at org.testng.internal.invokers.MethodRunner.runInSequence(MethodRunner.java:50) ~[testng-7.8.0.jar:7.8.0]
	at org.testng.internal.invokers.TestInvoker$MethodInvocationAgent.invoke(TestInvoker.java:957) ~[testng-7.8.0.jar:7.8.0]
	at org.testng.internal.invokers.TestInvoker.invokeTestMethods(TestInvoker.java:200) ~[testng-7.8.0.jar:7.8.0]
	at org.testng.internal.invokers.TestMethodWorker.invokeTestMethods(TestMethodWorker.java:148) ~[testng-7.8.0.jar:7.8.0]
	at org.testng.internal.invokers.TestMethodWorker.run(TestMethodWorker.java:128) ~[testng-7.8.0.jar:7.8.0]
	at java.base/java.util.ArrayList.forEach(ArrayList.java:1511) [?:?]
	at org.testng.TestRunner.privateRun(TestRunner.java:848) [testng-7.8.0.jar:7.8.0]
	at org.testng.TestRunner.run(TestRunner.java:621) [testng-7.8.0.jar:7.8.0]
	at org.testng.SuiteRunner.runTest(SuiteRunner.java:443) [testng-7.8.0.jar:7.8.0]
	at org.testng.SuiteRunner.runSequentially(SuiteRunner.java:437) [testng-7.8.0.jar:7.8.0]
	at org.testng.SuiteRunner.privateRun(SuiteRunner.java:397) [testng-7.8.0.jar:7.8.0]
	at org.testng.SuiteRunner.run(SuiteRunner.java:336) [testng-7.8.0.jar:7.8.0]
	at org.testng.SuiteRunnerWorker.runSuite(SuiteRunnerWorker.java:52) [testng-7.8.0.jar:7.8.0]
	at org.testng.SuiteRunnerWorker.run(SuiteRunnerWorker.java:95) [testng-7.8.0.jar:7.8.0]
	at org.testng.TestNG.runSuitesSequentially(TestNG.java:1280) [testng-7.8.0.jar:7.8.0]
	at org.testng.TestNG.runSuitesLocally(TestNG.java:1200) [testng-7.8.0.jar:7.8.0]
	at org.testng.TestNG.runSuites(TestNG.java:1114) [testng-7.8.0.jar:7.8.0]
	at org.testng.TestNG.run(TestNG.java:1082) [testng-7.8.0.jar:7.8.0]
	at org.apache.maven.surefire.testng.TestNGExecutor.run(TestNGExecutor.java:308) [surefire-testng-3.1.2.jar:3.1.2]
	at org.apache.maven.surefire.testng.TestNGXmlTestSuite.execute(TestNGXmlTestSuite.java:71) [surefire-testng-3.1.2.jar:3.1.2]
	at org.apache.maven.surefire.testng.TestNGProvider.invoke(TestNGProvider.java:113) [surefire-testng-3.1.2.jar:3.1.2]
	at org.apache.maven.surefire.booter.ForkedBooter.runSuitesInProcess(ForkedBooter.java:385) [surefire-booter-3.1.2.jar:3.1.2]
	at org.apache.maven.surefire.booter.ForkedBooter.execute(ForkedBooter.java:162) [surefire-booter-3.1.2.jar:3.1.2]
	at org.apache.maven.surefire.booter.ForkedBooter.run(ForkedBooter.java:507) [surefire-booter-3.1.2.jar:3.1.2]
	at org.apache.maven.surefire.booter.ForkedBooter.main(ForkedBooter.java:495) [surefire-booter-3.1.2.jar:3.1.2]
21:50:43 [INFO ] BaseTest - === Browser Closed ===
21:50:43 [INFO ] BaseTest - === Starting Browser Setup ===
21:51:01 [INFO ] BaseTest - Navigated to: https://www.ixigo.com/
21:51:01 [INFO ] ExtentTestListener - Test started: testIxigoFlow
21:51:01 [INFO ] BaseTest - Starting: IxigoFlightBookingTest
21:51:01 [INFO ] BaseTest - === Entering Mobioe number ====
]]></system-out>
    <system-err><![CDATA[Jun 08, 2026 9:50:44 PM org.openqa.selenium.devtools.CdpVersionFinder findNearestMatch
WARNING: Unable to find CDP implementation matching 148
Jun 08, 2026 9:50:44 PM org.openqa.selenium.chromium.ChromiumDriver lambda$new$5
WARNING: Unable to find version of CDP to use for 148.0.7778.217. You may need to include a dependency on a specific version of the CDP using something similar to `org.seleniumhq.selenium:selenium-devtools-v86:4.15.0` where the version ("v86") matches the version of the chromium-based browser you're using and the version number of the artifact is the same as Selenium's.
]]></system-err>
  </testcase>
</testsuite>