<?xml version="1.0" encoding="UTF-8"?>
<!-- Generated by org.testng.reporters.JUnitXMLReporter -->
<testsuite ignored="0" hostname="DESKTOP-16N2PNM" failures="1" tests="6" name="Login Tests" time="27.384" errors="0" timestamp="2026-05-30T22:04:25 IST">
  <testcase classname="com.automation.tests.LoginTest" name="testLoginWithExcelData" time="2.459"/>
  <testcase classname="com.automation.tests.LoginTest" name="testLoginWithExcelData" time="2.498">
    <failure type="java.lang.AssertionError" message="Login should have succeeded for: user@example.com expected [true] but found [false]">
      <![CDATA[java.lang.AssertionError: Login should have succeeded for: user@example.com expected [true] but found [false]
at com.automation.tests.LoginTest.testLoginWithExcelData(LoginTest.java:56)
at java.base/java.util.ArrayList.forEach(ArrayList.java:1511)
... Removed 34 stack frames]]>
    </failure>
  </testcase> <!-- testLoginWithExcelData -->
  <testcase classname="com.automation.tests.LoginTest" name="testLoginWithExcelData" time="2.219"/>
  <testcase classname="com.automation.tests.LoginTest" name="testLoginWithExcelData" time="2.262"/>
  <testcase classname="com.automation.tests.LoginTest" name="testLoginWithExcelData" time="2.227"/>
  <testcase classname="com.automation.tests.LoginTest" name="testValidLogin" time="2.406"/>
</testsuite> <!-- Login Tests -->
