<?xml version="1.0" encoding="UTF-8"?>
<!-- Generated by org.testng.reporters.JUnitXMLReporter -->
<testsuite ignored="1" hostname="DESKTOP-16N2PNM" failures="0" tests="2" name="Sample Automation Tests" time="11.121" errors="0" timestamp="2026-05-30T22:03:58 IST">
  <testcase classname="com.automation.tests.SampleAutomationTest" name="testMockLoginFailure" time="2.505"/>
  <testcase classname="com.automation.tests.SampleAutomationTest" name="testMockLoginSuccess" time="2.674"/>
  <testcase classname="com.automation.tests.SampleAutomationTest" name="testFailureScreenshotAtStep" time="0.0">
    <ignored/>
  </testcase> <!-- testFailureScreenshotAtStep -->
</testsuite> <!-- Sample Automation Tests -->
