<?xml version="1.0" encoding="UTF-8"?>
<!-- Generated by org.testng.reporters.JUnitReportReporter -->
<testsuite hostname="DESKTOP-16N2PNM" failures="0" tests="3" name="com.automation.tests.SampleAutomationTest" time="11.030" errors="0" timestamp="2026-05-30T22:04:26 IST" skipped="1">
  <testcase classname="com.automation.tests.SampleAutomationTest" name="testMockLoginFailure" time="4.392"/>
  <testcase classname="com.automation.tests.SampleAutomationTest" name="testMockLoginSuccess" time="6.638"/>
  <testcase classname="com.automation.tests.SampleAutomationTest" name="testFailureScreenshotAtStep">
    <skipped/>
  </testcase> <!-- testFailureScreenshotAtStep -->
</testsuite> <!-- com.automation.tests.SampleAutomationTest -->
